DEBUG:root:MetaFS: dotenv import complete. fsurn: fs:raygan@raygan.com:raygan-home:osfs://example.local/home/raygan
DEBUG:root:MetaFS: dotenv import complete. fsurn: fs:raygan@raygan.com:raygan-home:osfs://example.local/home/raygan
DEBUG:root:Redis connection configured. self.redis: <redis_herring.Redis object at 0x7f3db17e45e0>
DEBUG:root:MetaFS: dotenv import complete. fsurn: fs:raygan@raygan.com:raygan-home:osfs://example.local/home/raygan
DEBUG:root:Redis connection configured. self.redis: <redis_herring.Redis object at 0x7f32fded25e0>
DEBUG:root:MetaFS: dotenv import complete. fsurn: fs:raygan@raygan.com:raygan-home:osfs://example.local/home/raygan
DEBUG:root:Redis connection configured. self.redis: <redis_herring.Redis object at 0x7f42270f65e0>
DEBUG:root:MetaFS: dotenv import complete. fsurn: fs:unset-user-public-id:unset-user-home-name:unset-userfs-url
DEBUG:root:Redis connection _configured. self.redis: Redis<ConnectionPool<Connection<host=localhost,port=6379,db=0>>>
DEBUG:root:MetaFS: dotenv import complete. fsurn: fs:unset-user-public-id:unset-user-home-name:unset-userfs-url
DEBUG:root:Redis connection _configured. self.redis: <redis_herring.Redis object at 0x126b1acd0>
DEBUG:root:MetaFS: dotenv import complete. fsurn: fs:unset-user-public-id:unset-user-home-name:unset-userfs-url
DEBUG:root:Redis connection _configured. self.redis: <redis_herring.Redis object at 0x126b16280>
DEBUG:root:MetaFS: dotenv import complete. fsurn: fs:unset-user-public-id:unset-user-home-name:unset-userfs-url
DEBUG:root:Redis connection _configured. self.redis: <redis_herring.Redis object at 0x129fbc040>
DEBUG:root:MetaFS: dotenv import complete. fsurn: fs:unset-user-public-id:unset-user-home-name:unset-userfs-url
DEBUG:root:Redis connection _configured. self.redis: <redis_herring.Redis object at 0x12f00d460>
DEBUG:root:MetaFS: dotenv import complete. fsurn: fs:unset-user-public-id:unset-user-home-name:unset-userfs-url
DEBUG:root:Redis connection _configured. self.redis: <redis_herring.Redis object at 0x1312cbe80>
DEBUG:root:MetaFS: dotenv import complete. fsurn: fs:unset-user-public-id:unset-user-home-name:unset-userfs-url
DEBUG:root:Redis connection _configured. self.redis: <redis_herring.Redis object at 0x12a1ab220>
